<?xml version="1.0" encoding="UTF-8"?>
<!-- Generated by org.testng.reporters.JUnitReportReporter -->
<testsuite hostname="LAPTOP-U5ETV783" failures="0" tests="1" name="testCase1.Tc_01_accountRegistration" time="12.058" errors="0" timestamp="2024-09-14T19:48:41 IST" skipped="0">
  <testcase classname="testCase1.Tc_01_accountRegistration" name="verifyAccountRegister" time="12.058"/>
</testsuite> <!-- testCase1.Tc_01_accountRegistration -->
