<?xml version="1.0" encoding="UTF-8"?>
<!-- Generated by org.testng.reporters.JUnitReportReporter -->
<testsuite hostname="LAPTOP-U5ETV783" failures="0" tests="4" name="testCase.TC_003_LoginDDT" time="65.288" errors="0" timestamp="2024-10-31T13:15:16 IST" skipped="0">
  <testcase classname="testCase.TC_003_LoginDDT" name="loginDDTest" time="17.614"/>
  <testcase classname="testCase.TC_003_LoginDDT" name="loginDDTest" time="18.264"/>
  <testcase classname="testCase.TC_003_LoginDDT" name="loginDDTest" time="11.643"/>
  <testcase classname="testCase.TC_003_LoginDDT" name="loginDDTest" time="17.767"/>
</testsuite> <!-- testCase.TC_003_LoginDDT -->
