<?xml version="1.0" encoding="UTF-8"?>
<!-- Generated by org.testng.reporters.JUnitReportReporter -->
<testsuite hostname="LAPTOP-U5ETV783" failures="0" tests="1" name="testCase1.Tc_02_loginTest" time="12.582" errors="0" timestamp="2024-09-16T11:48:12 IST" skipped="0">
  <testcase classname="testCase1.Tc_02_loginTest" name="Logintest" time="12.582"/>
</testsuite> <!-- testCase1.Tc_02_loginTest -->
