<?xml version="1.0" encoding="UTF-8"?>
<!-- Generated by org.testng.reporters.JUnitReportReporter -->
<testsuite hostname="LAPTOP-U5ETV783" failures="0" tests="1" name="testCase.TC_004_LogoutFunctionality" time="22.306" errors="0" timestamp="2024-11-13T12:22:09 IST" skipped="0">
  <testcase classname="testCase.TC_004_LogoutFunctionality" name="LogOut" time="22.306"/>
</testsuite> <!-- testCase.TC_004_LogoutFunctionality -->
