<?xml version="1.0" encoding="UTF-8"?>
<!-- Generated by org.testng.reporters.JUnitReportReporter -->
<testsuite hostname="LAPTOP-U5ETV783" failures="0" tests="1" name="testCase.TC_001_AcccountRegistration" time="19.702" errors="0" timestamp="2024-10-21T12:52:14 IST" skipped="0">
  <testcase classname="testCase.TC_001_AcccountRegistration" name="Accountregistration" time="19.702"/>
</testsuite> <!-- testCase.TC_001_AcccountRegistration -->
