<?xml version="1.0" encoding="UTF-8"?>
<!-- Generated by org.testng.reporters.JUnitReportReporter -->
<testsuite hostname="LAPTOP-U5ETV783" failures="0" tests="1" name="testCase.TC_001_AcccountRegistration" time="15.416" errors="0" timestamp="2024-10-23T14:29:05 IST" skipped="0">
  <testcase classname="testCase.TC_001_AcccountRegistration" name="Accountregistration" time="15.416"/>
</testsuite> <!-- testCase.TC_001_AcccountRegistration -->
